TN:
SF:src\controllers\authController.ts
FN:57,(anonymous_0)
FN:132,(anonymous_1)
FN:188,(anonymous_2)
FN:227,(anonymous_3)
FN:270,(anonymous_4)
FNF:5
FNH:0
FNDA:0,(anonymous_0)
FNDA:0,(anonymous_1)
FNDA:0,(anonymous_2)
FNDA:0,(anonymous_3)
FNDA:0,(anonymous_4)
DA:2,0
DA:57,0
DA:58,0
DA:59,0
DA:61,0
DA:67,0
DA:132,0
DA:133,0
DA:134,0
DA:136,0
DA:142,0
DA:188,0
DA:189,0
DA:190,0
DA:191,0
DA:193,0
DA:199,0
DA:227,0
DA:228,0
DA:229,0
DA:230,0
DA:233,0
DA:238,0
DA:270,0
DA:271,0
DA:272,0
DA:273,0
DA:277,0
DA:280,0
DA:286,0
LF:30
LH:0
BRDA:69,0,0,0
BRDA:69,0,1,0
BRDA:144,1,0,0
BRDA:144,1,1,0
BRDA:201,2,0,0
BRDA:201,2,1,0
BRDA:229,3,0,0
BRDA:240,4,0,0
BRDA:240,4,1,0
BRDA:272,5,0,0
BRDA:288,6,0,0
BRDA:288,6,1,0
BRF:12
BRH:0
end_of_record
TN:
SF:src\controllers\reportController.ts
FN:57,(anonymous_9)
FN:147,(anonymous_10)
FN:148,(anonymous_11)
FN:149,(anonymous_12)
FN:150,(anonymous_13)
FN:151,(anonymous_14)
FN:170,(anonymous_15)
FN:246,(anonymous_16)
FN:295,(anonymous_17)
FN:296,(anonymous_18)
FN:297,(anonymous_19)
FN:298,(anonymous_20)
FN:299,(anonymous_21)
FN:318,(anonymous_22)
FNF:14
FNH:0
FNDA:0,(anonymous_9)
FNDA:0,(anonymous_10)
FNDA:0,(anonymous_11)
FNDA:0,(anonymous_12)
FNDA:0,(anonymous_13)
FNDA:0,(anonymous_14)
FNDA:0,(anonymous_15)
FNDA:0,(anonymous_16)
FNDA:0,(anonymous_17)
FNDA:0,(anonymous_18)
FNDA:0,(anonymous_19)
FNDA:0,(anonymous_20)
FNDA:0,(anonymous_21)
FNDA:0,(anonymous_22)
DA:2,0
DA:3,0
DA:4,0
DA:6,0
DA:9,0
DA:57,0
DA:58,0
DA:59,0
DA:60,0
DA:63,0
DA:64,0
DA:65,0
DA:68,0
DA:69,0
DA:73,0
DA:76,0
DA:77,0
DA:79,0
DA:81,0
DA:85,0
DA:108,0
DA:112,0
DA:113,0
DA:117,0
DA:120,0
DA:122,0
DA:144,0
DA:147,0
DA:148,0
DA:149,0
DA:150,0
DA:151,0
DA:153,0
DA:166,0
DA:167,0
DA:170,0
DA:185,0
DA:186,0
DA:189,0
DA:192,0
DA:196,0
DA:197,0
DA:198,0
DA:200,0
DA:202,0
DA:203,0
DA:246,0
DA:247,0
DA:248,0
DA:251,0
DA:252,0
DA:253,0
DA:256,0
DA:257,0
DA:261,0
DA:265,0
DA:269,0
DA:292,0
DA:295,0
DA:296,0
DA:297,0
DA:298,0
DA:299,0
DA:301,0
DA:314,0
DA:315,0
DA:318,0
DA:333,0
DA:334,0
DA:337,0
DA:340,0
DA:342,0
DA:343,0
DA:344,0
DA:346,0
DA:348,0
DA:349,0
LF:77
LH:0
BRDA:68,0,0,0
BRDA:79,1,0,0
BRDA:79,1,1,0
BRDA:112,2,0,0
BRDA:177,3,0,0
BRDA:177,3,1,0
BRDA:178,4,0,0
BRDA:178,4,1,0
BRDA:179,5,0,0
BRDA:179,5,1,0
BRDA:180,6,0,0
BRDA:180,6,1,0
BRDA:180,7,0,0
BRDA:180,7,1,0
BRDA:192,8,0,0
BRDA:192,8,1,0
BRDA:256,9,0,0
BRDA:325,10,0,0
BRDA:325,10,1,0
BRDA:326,11,0,0
BRDA:326,11,1,0
BRDA:327,12,0,0
BRDA:327,12,1,0
BRDA:328,13,0,0
BRDA:328,13,1,0
BRDA:328,14,0,0
BRDA:328,14,1,0
BRF:27
BRH:0
end_of_record
TN:
SF:src\controllers\vehicleController.ts
FN:60,(anonymous_0)
FN:95,(anonymous_1)
FN:148,(anonymous_2)
FN:219,(anonymous_3)
FN:258,(anonymous_4)
FN:328,(anonymous_5)
FN:419,(anonymous_6)
FN:494,(anonymous_7)
FNF:8
FNH:0
FNDA:0,(anonymous_0)
FNDA:0,(anonymous_1)
FNDA:0,(anonymous_2)
FNDA:0,(anonymous_3)
FNDA:0,(anonymous_4)
FNDA:0,(anonymous_5)
FNDA:0,(anonymous_6)
FNDA:0,(anonymous_7)
DA:2,0
DA:3,0
DA:5,0
DA:8,0
DA:15,0
DA:60,0
DA:61,0
DA:62,0
DA:64,0
DA:65,0
DA:66,0
DA:69,0
DA:70,0
DA:71,0
DA:72,0
DA:73,0
DA:74,0
DA:75,0
DA:79,0
DA:95,0
DA:102,0
DA:104,0
DA:117,0
DA:118,0
DA:148,0
DA:149,0
DA:150,0
DA:152,0
DA:162,0
DA:163,0
DA:167,0
DA:170,0
DA:177,0
DA:182,0
DA:183,0
DA:219,0
DA:220,0
DA:221,0
DA:222,0
DA:225,0
DA:229,0
DA:230,0
DA:234,0
DA:238,0
DA:239,0
DA:240,0
DA:242,0
DA:243,0
DA:246,0
DA:258,0
DA:265,0
DA:281,0
DA:282,0
DA:328,0
DA:329,0
DA:330,0
DA:333,0
DA:334,0
DA:338,0
DA:342,0
DA:346,0
DA:347,0
DA:351,0
DA:354,0
DA:364,0
DA:370,0
DA:371,0
DA:419,0
DA:420,0
DA:421,0
DA:422,0
DA:425,0
DA:429,0
DA:430,0
DA:434,0
DA:438,0
DA:439,0
DA:443,0
DA:444,0
DA:448,0
DA:452,0
DA:457,0
DA:463,0
DA:464,0
DA:494,0
DA:495,0
DA:496,0
DA:499,0
DA:503,0
DA:504,0
DA:508,0
DA:511,0
DA:515,0
DA:520,0
DA:521,0
LF:95
LH:0
BRDA:70,0,0,0
BRDA:70,0,1,0
BRDA:72,1,0,0
BRDA:72,1,1,0
BRDA:74,2,0,0
BRDA:97,3,0,0
BRDA:97,3,1,0
BRDA:162,4,0,0
BRDA:172,5,0,0
BRDA:172,5,1,0
BRDA:229,6,0,0
BRDA:238,7,0,0
BRDA:238,7,1,0
BRDA:260,8,0,0
BRDA:260,8,1,0
BRDA:260,9,0,0
BRDA:260,9,1,0
BRDA:330,10,0,0
BRDA:333,11,0,0
BRDA:333,12,0,0
BRDA:333,12,1,0
BRDA:333,12,2,0
BRDA:333,12,3,0
BRDA:346,13,0,0
BRDA:429,14,0,0
BRDA:438,15,0,0
BRDA:438,16,0,0
BRDA:438,16,1,0
BRDA:443,17,0,0
BRDA:503,18,0,0
BRF:30
BRH:0
end_of_record
TN:
SF:src\middleware\auth.ts
FN:15,(anonymous_1)
FN:79,(anonymous_2)
FN:80,(anonymous_3)
FNF:3
FNH:0
FNDA:0,(anonymous_1)
FNDA:0,(anonymous_2)
FNDA:0,(anonymous_3)
DA:2,0
DA:3,0
DA:5,0
DA:15,0
DA:20,0
DA:21,0
DA:22,0
DA:24,0
DA:25,0
DA:29,0
DA:32,0
DA:35,0
DA:40,0
DA:41,0
DA:45,0
DA:48,0
DA:54,0
DA:56,0
DA:57,0
DA:61,0
DA:64,0
DA:65,0
DA:69,0
DA:72,0
DA:79,0
DA:80,0
DA:81,0
DA:82,0
DA:86,0
DA:89,0
DA:90,0
DA:94,0
DA:97,0
LF:33
LH:0
BRDA:22,0,0,0
BRDA:22,0,1,0
BRDA:24,1,0,0
BRDA:40,2,0,0
BRDA:40,3,0,0
BRDA:40,3,1,0
BRDA:56,4,0,0
BRDA:64,5,0,0
BRDA:81,6,0,0
BRDA:89,7,0,0
BRF:10
BRH:0
end_of_record
TN:
SF:src\middleware\errorHandler.ts
FN:8,(anonymous_0)
FN:34,(anonymous_1)
FNF:2
FNH:0
FNDA:0,(anonymous_0)
FNDA:0,(anonymous_1)
DA:8,0
DA:14,0
DA:15,0
DA:18,0
DA:21,0
DA:22,0
DA:23,0
DA:27,0
DA:28,0
DA:29,0
DA:33,0
DA:34,0
DA:35,0
DA:39,0
DA:40,0
DA:41,0
DA:44,0
DA:45,0
DA:46,0
DA:49,0
LF:20
LH:0
BRDA:21,0,0,0
BRDA:27,1,0,0
BRDA:27,2,0,0
BRDA:27,2,1,0
BRDA:33,3,0,0
BRDA:39,4,0,0
BRDA:44,5,0,0
BRDA:49,6,0,0
BRDA:49,6,1,0
BRDA:51,7,0,0
BRDA:51,7,1,0
BRDA:52,8,0,0
BRDA:52,8,1,0
BRF:13
BRH:0
end_of_record
TN:
SF:src\middleware\notFound.ts
FN:3,(anonymous_0)
FNF:1
FNH:0
FNDA:0,(anonymous_0)
DA:3,0
DA:4,0
DA:5,0
DA:6,0
LF:4
LH:0
BRF:0
BRH:0
end_of_record
TN:
SF:src\middleware\validation.ts
FN:4,(anonymous_0)
FN:5,(anonymous_1)
FN:15,(anonymous_2)
FNF:3
FNH:0
FNDA:0,(anonymous_0)
FNDA:0,(anonymous_1)
FNDA:0,(anonymous_2)
DA:2,0
DA:4,0
DA:5,0
DA:6,0
DA:7,0
DA:12,0
DA:14,0
DA:15,0
DA:20,0
DA:25,0
DA:28,0
LF:11
LH:0
BRDA:14,0,0,0
BRF:1
BRH:0
end_of_record
TN:
SF:src\routes\auth.ts
FNF:0
FNH:0
DA:1,0
DA:2,0
DA:3,0
DA:4,0
DA:5,0
DA:7,0
DA:10,0
DA:11,0
DA:12,0
DA:15,0
DA:16,0
DA:18,0
LF:12
LH:0
BRF:0
BRH:0
end_of_record
TN:
SF:src\routes\reports.ts
FNF:0
FNH:0
DA:1,0
DA:2,0
DA:3,0
DA:8,0
DA:11,0
DA:14,0
DA:15,0
DA:17,0
LF:8
LH:0
BRF:0
BRH:0
end_of_record
TN:
SF:src\routes\users.ts
FN:10,(anonymous_0)
FN:14,(anonymous_1)
FN:18,(anonymous_2)
FN:22,(anonymous_3)
FN:26,(anonymous_4)
FNF:5
FNH:0
FNDA:0,(anonymous_0)
FNDA:0,(anonymous_1)
FNDA:0,(anonymous_2)
FNDA:0,(anonymous_3)
FNDA:0,(anonymous_4)
DA:1,0
DA:2,0
DA:4,0
DA:7,0
DA:10,0
DA:11,0
DA:14,0
DA:15,0
DA:18,0
DA:19,0
DA:22,0
DA:23,0
DA:26,0
DA:27,0
DA:30,0
LF:15
LH:0
BRF:0
BRH:0
end_of_record
TN:
SF:src\routes\vehicles.ts
FNF:0
FNH:0
DA:1,0
DA:2,0
DA:3,0
DA:12,0
DA:15,0
DA:18,0
DA:19,0
DA:20,0
DA:21,0
DA:22,0
DA:23,0
DA:25,0
LF:12
LH:0
BRF:0
BRH:0
end_of_record
TN:
SF:src\services\authService.ts
FN:19,(anonymous_1)
FN:53,(anonymous_2)
FN:90,(anonymous_3)
FN:111,(anonymous_4)
FN:118,(anonymous_5)
FN:142,(anonymous_6)
FNF:6
FNH:0
FNDA:0,(anonymous_1)
FNDA:0,(anonymous_2)
FNDA:0,(anonymous_3)
FNDA:0,(anonymous_4)
FNDA:0,(anonymous_5)
FNDA:0,(anonymous_6)
DA:1,0
DA:2,0
DA:3,0
DA:6,0
DA:18,0
DA:20,0
DA:23,0
DA:27,0
DA:28,0
DA:31,0
DA:32,0
DA:36,0
DA:37,0
DA:38,0
DA:42,0
DA:45,0
DA:47,0
DA:54,0
DA:57,0
DA:61,0
DA:62,0
DA:66,0
DA:69,0
DA:79,0
DA:82,0
DA:84,0
DA:91,0
DA:92,0
DA:95,0
DA:100,0
DA:101,0
DA:105,0
DA:107,0
DA:115,0
DA:119,0
DA:120,0
DA:121,0
DA:122,0
DA:124,0
DA:130,0
DA:136,0
DA:143,0
DA:144,0
DA:145,0
DA:147,0
LF:45
LH:0
BRDA:27,0,0,0
BRDA:31,1,0,0
BRDA:37,2,0,0
BRDA:61,3,0,0
BRDA:100,4,0,0
BRDA:100,5,0,0
BRDA:100,5,1,0
BRDA:119,6,0,0
BRDA:119,6,1,0
BRDA:120,7,0,0
BRDA:120,7,1,0
BRDA:121,8,0,0
BRDA:121,8,1,0
BRDA:122,9,0,0
BRDA:122,9,1,0
BRF:15
BRH:0
end_of_record
TN:
SF:src\validators\auth.ts
FNF:0
FNH:0
DA:1,1
DA:3,1
DA:16,1
DA:41,1
LF:4
LH:4
BRF:0
BRH:0
end_of_record
TN:
SF:src\validators\report.ts
FNF:0
FNH:0
DA:1,0
DA:3,0
LF:2
LH:0
BRF:0
BRH:0
end_of_record
TN:
SF:src\validators\user.ts
FNF:0
FNH:0
DA:1,0
DA:3,0
DA:27,0
DA:50,0
DA:56,0
LF:5
LH:0
BRF:0
BRH:0
end_of_record
TN:
SF:src\validators\vehicle.ts
FNF:0
FNH:0
DA:1,0
DA:3,0
DA:32,0
DA:68,0
DA:74,0
DA:80,0
LF:6
LH:0
BRF:0
BRH:0
end_of_record
